<?xml version="1.0" encoding="UTF-8"?>
<!-- Generated by org.testng.reporters.JUnitXMLReporter -->
<testsuite ignored="0" hostname="AdarshMP" failures="0" tests="4" name="Test" time="57.034" errors="0" timestamp="2023-09-07T02:46:05 IST">
  <testcase classname="Demo1.Maven1" name="m1" time="0.016"/>
  <testcase classname="Demo2.Maven2" name="m2" time="0.002"/>
  <testcase classname="Demo3.Maven4" name="m4" time="56.898"/>
  <testcase classname="Demo2.Maven3" name="m3" time="0.008"/>
</testsuite> <!-- Test -->
