<?xml version="1.0" encoding="UTF-8"?>
<testng-results ignored="0" total="4" passed="4" failed="0" skipped="0">
  <reporter-output>
  </reporter-output>
  <suite started-at="2023-09-07T02:45:04 IST" name="Suite" finished-at="2023-09-07T02:46:01 IST" duration-ms="57034">
    <groups>
    </groups>
    <test started-at="2023-09-07T02:45:04 IST" name="Test" finished-at="2023-09-07T02:46:01 IST" duration-ms="57034">
      <class name="Demo1.Maven1">
        <test-method signature="m1()[pri:0, instance:Demo1.Maven1@76a4ebf2]" started-at="2023-09-07T02:45:04 IST" name="m1" finished-at="2023-09-07T02:45:04 IST" duration-ms="16" status="PASS">
          <reporter-output>
          </reporter-output>
        </test-method> <!-- m1 -->
      </class> <!-- Demo1.Maven1 -->
      <class name="Demo3.Maven4">
        <test-method signature="m4()[pri:0, instance:Demo3.Maven4@2af004b]" started-at="2023-09-07T02:45:04 IST" name="m4" finished-at="2023-09-07T02:46:01 IST" duration-ms="56898" status="PASS">
          <reporter-output>
          </reporter-output>
        </test-method> <!-- m4 -->
      </class> <!-- Demo3.Maven4 -->
      <class name="Demo2.Maven2">
        <test-method signature="m2()[pri:0, instance:Demo2.Maven2@27406a17]" started-at="2023-09-07T02:45:04 IST" name="m2" finished-at="2023-09-07T02:45:04 IST" duration-ms="2" status="PASS">
          <reporter-output>
          </reporter-output>
        </test-method> <!-- m2 -->
      </class> <!-- Demo2.Maven2 -->
      <class name="Demo2.Maven3">
        <test-method signature="m3()[pri:0, instance:Demo2.Maven3@248e319b]" started-at="2023-09-07T02:46:01 IST" name="m3" finished-at="2023-09-07T02:46:01 IST" duration-ms="8" status="PASS">
          <reporter-output>
          </reporter-output>
        </test-method> <!-- m3 -->
      </class> <!-- Demo2.Maven3 -->
    </test> <!-- Test -->
  </suite> <!-- Suite -->
</testng-results>
